2021-06-04 16:17:50,403 [Worker-3: Loading available Gradle versions] INFO  o.e.b.c.i.u.g.PublishedGradleVersions - Gradle version information cache is up-to-date. Trying to read.
2021-06-04 16:55:33,274 [Worker-25: Enabling Maven Dependency Management] INFO  o.e.m.c.i.l.LifecycleMappingFactory - Using org.eclipse.m2e.jdt.JarLifecycleMapping lifecycle mapping for MavenProject: MinimumCostFlow:MinimumCostFlow:1 @ C:\Users\DaiPhongPC\Desktop\Minimum-Cost-Flow\MinimumCostFlow\pom.xml.
2021-06-04 16:55:35,815 [Worker-25: Enabling Maven Dependency Management] INFO  o.e.m.c.i.e.AbstractTransferListenerAdapter - Downloading https://repo.maven.apache.org/maven2/org/apache/maven/plugins/maven-jar-plugin/2.4/maven-jar-plugin-2.4.pom
2021-06-04 16:55:36,230 [Worker-25: Enabling Maven Dependency Management] INFO  o.e.m.c.i.e.AbstractTransferListenerAdapter - Downloaded https://repo.maven.apache.org/maven2/org/apache/maven/plugins/maven-jar-plugin/2.4/maven-jar-plugin-2.4.pom
2021-06-04 16:55:37,670 [Worker-25: Enabling Maven Dependency Management] INFO  o.e.m.c.i.e.AbstractTransferListenerAdapter - Downloading https://repo.maven.apache.org/maven2/commons-lang/commons-lang/2.1/commons-lang-2.1.pom
2021-06-04 16:55:37,916 [Worker-25: Enabling Maven Dependency Management] INFO  o.e.m.c.i.e.AbstractTransferListenerAdapter - Downloaded https://repo.maven.apache.org/maven2/commons-lang/commons-lang/2.1/commons-lang-2.1.pom
2021-06-04 16:55:38,161 [Worker-25: Enabling Maven Dependency Management] INFO  o.e.m.c.i.e.AbstractTransferListenerAdapter - Downloading https://repo.maven.apache.org/maven2/commons-lang/commons-lang/2.1/commons-lang-2.1.jar
2021-06-04 16:55:40,755 [Worker-25: Enabling Maven Dependency Management] INFO  o.e.m.c.i.e.AbstractTransferListenerAdapter - Downloaded https://repo.maven.apache.org/maven2/commons-lang/commons-lang/2.1/commons-lang-2.1.jar
2021-06-04 16:55:44,322 [Worker-25: Enabling Maven Dependency Management] INFO  o.e.m.j.i.AbstractJavaProjectConfigurator - Adding source folder /MinimumCostFlow/src
2021-06-04 16:55:44,322 [Worker-25: Enabling Maven Dependency Management] INFO  o.e.m.j.i.AbstractJavaProjectConfigurator - Resources folder /MinimumCostFlow/src overlaps with sources folder /MinimumCostFlow/src
2021-06-04 16:55:44,351 [Worker-25: Enabling Maven Dependency Management] INFO  o.e.m.j.i.AbstractJavaProjectConfigurator - Not adding source folder /MinimumCostFlow/src/test/java because it overlaps with /MinimumCostFlow/src
2021-06-04 16:55:45,062 [Worker-25: Enabling Maven Dependency Management] INFO  o.e.m.c.i.p.ProjectConfigurationManager - Update started
2021-06-04 16:55:47,046 [Worker-25: Enabling Maven Dependency Management] INFO  o.e.m.c.i.l.LifecycleMappingFactory - Using org.eclipse.m2e.jdt.JarLifecycleMapping lifecycle mapping for MavenProject: MinimumCostFlow:MinimumCostFlow:1 @ C:\Users\DaiPhongPC\Desktop\Minimum-Cost-Flow\MinimumCostFlow\pom.xml.
2021-06-04 16:55:49,215 [Worker-25: Enabling Maven Dependency Management] INFO  o.e.m.j.i.AbstractJavaProjectConfigurator - Adding source folder /MinimumCostFlow/src
2021-06-04 16:55:49,221 [Worker-25: Enabling Maven Dependency Management] INFO  o.e.m.j.i.AbstractJavaProjectConfigurator - Resources folder /MinimumCostFlow/src overlaps with sources folder /MinimumCostFlow/src
2021-06-04 16:55:49,325 [Worker-25: Enabling Maven Dependency Management] INFO  o.e.m.j.i.AbstractJavaProjectConfigurator - Not adding source folder /MinimumCostFlow/src/test/java because it overlaps with /MinimumCostFlow/src
2021-06-04 16:55:50,437 [Worker-25: Enabling Maven Dependency Management] INFO  o.e.m.c.i.p.ProjectConfigurationManager - Update completed: 5 sec
2021-06-04 16:55:53,414 [Worker-25: Building] WARN  o.e.m.c.i.embedder.EclipseLogger - Using platform encoding (Cp1252 actually) to copy filtered resources, i.e. build is platform dependent!
2021-06-04 16:55:53,427 [Worker-25: Building] INFO  o.e.m.c.i.embedder.EclipseLogger - Copying 2 resources
2021-06-04 16:55:53,443 [Worker-25: Building] WARN  o.e.m.c.i.embedder.EclipseLogger - Using platform encoding (Cp1252 actually) to copy filtered resources, i.e. build is platform dependent!
2021-06-04 16:55:53,445 [Worker-25: Building] INFO  o.e.m.c.i.embedder.EclipseLogger - skip non existing resourceDirectory C:\Users\DaiPhongPC\Desktop\Minimum-Cost-Flow\MinimumCostFlow\src\test\resources
2021-06-04 17:25:23,685 [Worker-34: Building] WARN  o.e.m.c.i.embedder.EclipseLogger - Using platform encoding (Cp1252 actually) to copy filtered resources, i.e. build is platform dependent!
2021-06-04 17:25:23,689 [Worker-34: Building] INFO  o.e.m.c.i.embedder.EclipseLogger - Copying 0 resource
2021-06-04 17:25:23,690 [Worker-34: Building] WARN  o.e.m.c.i.embedder.EclipseLogger - Using platform encoding (Cp1252 actually) to copy filtered resources, i.e. build is platform dependent!
2021-06-04 17:25:23,691 [Worker-34: Building] INFO  o.e.m.c.i.embedder.EclipseLogger - skip non existing resourceDirectory C:\Users\DaiPhongPC\Desktop\Minimum-Cost-Flow\MinimumCostFlow\src\test\resources
2021-06-04 17:25:47,656 [Worker-34: Building] WARN  o.e.m.c.i.embedder.EclipseLogger - Using platform encoding (Cp1252 actually) to copy filtered resources, i.e. build is platform dependent!
2021-06-04 17:25:47,668 [Worker-34: Building] INFO  o.e.m.c.i.embedder.EclipseLogger - Copying 2 resources
2021-06-04 17:25:47,678 [Worker-34: Building] WARN  o.e.m.c.i.embedder.EclipseLogger - Using platform encoding (Cp1252 actually) to copy filtered resources, i.e. build is platform dependent!
2021-06-04 17:25:47,680 [Worker-34: Building] INFO  o.e.m.c.i.embedder.EclipseLogger - skip non existing resourceDirectory C:\Users\DaiPhongPC\Desktop\Minimum-Cost-Flow\MinimumCostFlow\src\test\resources
2021-06-04 17:26:51,365 [Worker-34: Building] INFO  o.e.m.c.i.l.LifecycleMappingFactory - Using org.eclipse.m2e.jdt.JarLifecycleMapping lifecycle mapping for MavenProject: MinimumCostFlow:MinimumCostFlow:1 @ C:\Users\DaiPhongPC\Desktop\Minimum-Cost-Flow\MinimumCostFlow\pom.xml.
2021-06-04 17:26:51,606 [Worker-34: Building] WARN  o.e.m.c.i.embedder.EclipseLogger - Using platform encoding (Cp1252 actually) to copy filtered resources, i.e. build is platform dependent!
2021-06-04 17:26:51,609 [Worker-34: Building] INFO  o.e.m.c.i.embedder.EclipseLogger - Copying 0 resource
2021-06-04 17:26:51,612 [Worker-34: Building] WARN  o.e.m.c.i.embedder.EclipseLogger - Using platform encoding (Cp1252 actually) to copy filtered resources, i.e. build is platform dependent!
2021-06-04 17:26:51,614 [Worker-34: Building] INFO  o.e.m.c.i.embedder.EclipseLogger - skip non existing resourceDirectory C:\Users\DaiPhongPC\Desktop\Minimum-Cost-Flow\MinimumCostFlow\src\test\resources
2021-06-04 17:27:58,194 [Worker-36: Building] INFO  o.e.m.c.i.l.LifecycleMappingFactory - Using org.eclipse.m2e.jdt.JarLifecycleMapping lifecycle mapping for MavenProject: MinimumCostFlow:MinimumCostFlow:1 @ C:\Users\DaiPhongPC\Desktop\Minimum-Cost-Flow\MinimumCostFlow\pom.xml.
2021-06-04 17:27:58,763 [Worker-35: reload maven project] INFO  o.e.m.c.i.e.AbstractTransferListenerAdapter - Downloading https://repo.maven.apache.org/maven2/org/openjfx/javafx-controls/15.0.1/javafx-controls-15.0.1.pom
2021-06-04 17:27:59,112 [Worker-35: reload maven project] INFO  o.e.m.c.i.e.AbstractTransferListenerAdapter - Downloaded https://repo.maven.apache.org/maven2/org/openjfx/javafx-controls/15.0.1/javafx-controls-15.0.1.pom
2021-06-04 17:27:59,181 [Worker-36: Building] INFO  o.e.m.c.i.e.AbstractTransferListenerAdapter - Downloading https://repo.maven.apache.org/maven2/org/openjfx/javafx-controls/15.0.1/javafx-controls-15.0.1.pom
2021-06-04 17:27:59,283 [Worker-35: reload maven project] INFO  o.e.m.c.i.e.AbstractTransferListenerAdapter - Downloading https://repo.maven.apache.org/maven2/org/openjfx/javafx/15.0.1/javafx-15.0.1.pom
2021-06-04 17:27:59,468 [Worker-35: reload maven project] INFO  o.e.m.c.i.e.AbstractTransferListenerAdapter - Downloaded https://repo.maven.apache.org/maven2/org/openjfx/javafx/15.0.1/javafx-15.0.1.pom
2021-06-04 17:27:59,505 [Worker-36: Building] INFO  o.e.m.c.i.e.AbstractTransferListenerAdapter - Downloaded https://repo.maven.apache.org/maven2/org/openjfx/javafx-controls/15.0.1/javafx-controls-15.0.1.pom
2021-06-04 17:27:59,633 [Worker-35: reload maven project] INFO  o.e.m.c.i.e.AbstractTransferListenerAdapter - Downloading https://repo.maven.apache.org/maven2/org/openjfx/javafx-graphics/15.0.1/javafx-graphics-15.0.1.pom
2021-06-04 17:27:59,672 [Worker-36: Building] INFO  o.e.m.c.i.e.AbstractTransferListenerAdapter - Downloading https://repo.maven.apache.org/maven2/org/openjfx/javafx-graphics/15.0.1/javafx-graphics-15.0.1.pom
2021-06-04 17:27:59,804 [Worker-35: reload maven project] INFO  o.e.m.c.i.e.AbstractTransferListenerAdapter - Downloaded https://repo.maven.apache.org/maven2/org/openjfx/javafx-graphics/15.0.1/javafx-graphics-15.0.1.pom
2021-06-04 17:27:59,840 [Worker-36: Building] INFO  o.e.m.c.i.e.AbstractTransferListenerAdapter - Downloaded https://repo.maven.apache.org/maven2/org/openjfx/javafx-graphics/15.0.1/javafx-graphics-15.0.1.pom
2021-06-04 17:27:59,973 [Worker-35: reload maven project] INFO  o.e.m.c.i.e.AbstractTransferListenerAdapter - Downloading https://repo.maven.apache.org/maven2/org/openjfx/javafx-base/15.0.1/javafx-base-15.0.1.pom
2021-06-04 17:28:00,008 [Worker-36: Building] INFO  o.e.m.c.i.e.AbstractTransferListenerAdapter - Downloading https://repo.maven.apache.org/maven2/org/openjfx/javafx-base/15.0.1/javafx-base-15.0.1.pom
2021-06-04 17:28:00,155 [Worker-35: reload maven project] INFO  o.e.m.c.i.e.AbstractTransferListenerAdapter - Downloaded https://repo.maven.apache.org/maven2/org/openjfx/javafx-base/15.0.1/javafx-base-15.0.1.pom
2021-06-04 17:28:00,182 [Worker-36: Building] INFO  o.e.m.c.i.e.AbstractTransferListenerAdapter - Downloaded https://repo.maven.apache.org/maven2/org/openjfx/javafx-base/15.0.1/javafx-base-15.0.1.pom
2021-06-04 17:28:00,337 [AetherRepositoryConnector-repo.maven.apache.org-0-0] INFO  o.e.m.c.i.e.AbstractTransferListenerAdapter - Downloading https://repo.maven.apache.org/maven2/org/openjfx/javafx-controls/15.0.1/javafx-controls-15.0.1.jar
2021-06-04 17:28:00,356 [AetherRepositoryConnector-repo.maven.apache.org-1-0] INFO  o.e.m.c.i.e.AbstractTransferListenerAdapter - Downloading https://repo.maven.apache.org/maven2/org/openjfx/javafx-controls/15.0.1/javafx-controls-15.0.1.jar
2021-06-04 17:28:00,495 [AetherRepositoryConnector-repo.maven.apache.org-0-3] INFO  o.e.m.c.i.e.AbstractTransferListenerAdapter - Downloading https://repo.maven.apache.org/maven2/org/openjfx/javafx-graphics/15.0.1/javafx-graphics-15.0.1-win.jar
2021-06-04 17:28:00,517 [AetherRepositoryConnector-repo.maven.apache.org-1-3] INFO  o.e.m.c.i.e.AbstractTransferListenerAdapter - Downloading https://repo.maven.apache.org/maven2/org/openjfx/javafx-graphics/15.0.1/javafx-graphics-15.0.1-win.jar
2021-06-04 17:28:00,519 [AetherRepositoryConnector-repo.maven.apache.org-1-2] INFO  o.e.m.c.i.e.AbstractTransferListenerAdapter - Downloading https://repo.maven.apache.org/maven2/org/openjfx/javafx-graphics/15.0.1/javafx-graphics-15.0.1.jar
2021-06-04 17:28:00,656 [AetherRepositoryConnector-repo.maven.apache.org-0-4] INFO  o.e.m.c.i.e.AbstractTransferListenerAdapter - Downloading https://repo.maven.apache.org/maven2/org/openjfx/javafx-base/15.0.1/javafx-base-15.0.1.jar
2021-06-04 17:28:00,656 [AetherRepositoryConnector-repo.maven.apache.org-0-2] INFO  o.e.m.c.i.e.AbstractTransferListenerAdapter - Downloading https://repo.maven.apache.org/maven2/org/openjfx/javafx-graphics/15.0.1/javafx-graphics-15.0.1.jar
2021-06-04 17:28:00,656 [AetherRepositoryConnector-repo.maven.apache.org-0-1] INFO  o.e.m.c.i.e.AbstractTransferListenerAdapter - Downloading https://repo.maven.apache.org/maven2/org/openjfx/javafx-controls/15.0.1/javafx-controls-15.0.1-win.jar
2021-06-04 17:28:00,683 [AetherRepositoryConnector-repo.maven.apache.org-1-4] INFO  o.e.m.c.i.e.AbstractTransferListenerAdapter - Downloading https://repo.maven.apache.org/maven2/org/openjfx/javafx-base/15.0.1/javafx-base-15.0.1.jar
2021-06-04 17:28:00,684 [AetherRepositoryConnector-repo.maven.apache.org-1-1] INFO  o.e.m.c.i.e.AbstractTransferListenerAdapter - Downloading https://repo.maven.apache.org/maven2/org/openjfx/javafx-controls/15.0.1/javafx-controls-15.0.1-win.jar
2021-06-04 17:28:00,691 [AetherRepositoryConnector-repo.maven.apache.org-0-0] INFO  o.e.m.c.i.e.AbstractTransferListenerAdapter - Downloaded https://repo.maven.apache.org/maven2/org/openjfx/javafx-controls/15.0.1/javafx-controls-15.0.1.jar
2021-06-04 17:28:00,709 [AetherRepositoryConnector-repo.maven.apache.org-1-0] INFO  o.e.m.c.i.e.AbstractTransferListenerAdapter - Downloaded https://repo.maven.apache.org/maven2/org/openjfx/javafx-controls/15.0.1/javafx-controls-15.0.1.jar
2021-06-04 17:28:00,848 [AetherRepositoryConnector-repo.maven.apache.org-1-2] INFO  o.e.m.c.i.e.AbstractTransferListenerAdapter - Downloaded https://repo.maven.apache.org/maven2/org/openjfx/javafx-graphics/15.0.1/javafx-graphics-15.0.1.jar
2021-06-04 17:28:01,078 [AetherRepositoryConnector-repo.maven.apache.org-0-2] INFO  o.e.m.c.i.e.AbstractTransferListenerAdapter - Downloaded https://repo.maven.apache.org/maven2/org/openjfx/javafx-graphics/15.0.1/javafx-graphics-15.0.1.jar
2021-06-04 17:28:01,084 [AetherRepositoryConnector-repo.maven.apache.org-0-4] INFO  o.e.m.c.i.e.AbstractTransferListenerAdapter - Downloaded https://repo.maven.apache.org/maven2/org/openjfx/javafx-base/15.0.1/javafx-base-15.0.1.jar
2021-06-04 17:28:01,147 [AetherRepositoryConnector-repo.maven.apache.org-0-0] INFO  o.e.m.c.i.e.AbstractTransferListenerAdapter - Downloading https://repo.maven.apache.org/maven2/org/openjfx/javafx-base/15.0.1/javafx-base-15.0.1-win.jar
2021-06-04 17:28:01,189 [AetherRepositoryConnector-repo.maven.apache.org-1-0] INFO  o.e.m.c.i.e.AbstractTransferListenerAdapter - Downloading https://repo.maven.apache.org/maven2/org/openjfx/javafx-base/15.0.1/javafx-base-15.0.1-win.jar
2021-06-04 17:28:01,200 [AetherRepositoryConnector-repo.maven.apache.org-1-4] INFO  o.e.m.c.i.e.AbstractTransferListenerAdapter - Downloaded https://repo.maven.apache.org/maven2/org/openjfx/javafx-base/15.0.1/javafx-base-15.0.1.jar
2021-06-04 17:28:03,106 [AetherRepositoryConnector-repo.maven.apache.org-0-0] INFO  o.e.m.c.i.e.AbstractTransferListenerAdapter - Downloaded https://repo.maven.apache.org/maven2/org/openjfx/javafx-base/15.0.1/javafx-base-15.0.1-win.jar
2021-06-04 17:28:03,116 [AetherRepositoryConnector-repo.maven.apache.org-1-0] INFO  o.e.m.c.i.e.AbstractTransferListenerAdapter - Downloaded https://repo.maven.apache.org/maven2/org/openjfx/javafx-base/15.0.1/javafx-base-15.0.1-win.jar
2021-06-04 17:28:04,658 [AetherRepositoryConnector-repo.maven.apache.org-1-1] INFO  o.e.m.c.i.e.AbstractTransferListenerAdapter - Downloaded https://repo.maven.apache.org/maven2/org/openjfx/javafx-controls/15.0.1/javafx-controls-15.0.1-win.jar
2021-06-04 17:28:04,729 [AetherRepositoryConnector-repo.maven.apache.org-0-1] INFO  o.e.m.c.i.e.AbstractTransferListenerAdapter - Downloaded https://repo.maven.apache.org/maven2/org/openjfx/javafx-controls/15.0.1/javafx-controls-15.0.1-win.jar
2021-06-04 17:28:05,746 [AetherRepositoryConnector-repo.maven.apache.org-1-3] INFO  o.e.m.c.i.e.AbstractTransferListenerAdapter - Downloaded https://repo.maven.apache.org/maven2/org/openjfx/javafx-graphics/15.0.1/javafx-graphics-15.0.1-win.jar
2021-06-04 17:28:05,768 [AetherRepositoryConnector-repo.maven.apache.org-0-3] INFO  o.e.m.c.i.e.AbstractTransferListenerAdapter - Downloaded https://repo.maven.apache.org/maven2/org/openjfx/javafx-graphics/15.0.1/javafx-graphics-15.0.1-win.jar
2021-06-04 17:28:06,142 [Worker-36: Building] WARN  o.e.m.c.i.embedder.EclipseLogger - Using platform encoding (Cp1252 actually) to copy filtered resources, i.e. build is platform dependent!
2021-06-04 17:28:06,154 [Worker-36: Building] INFO  o.e.m.c.i.embedder.EclipseLogger - Copying 0 resource
2021-06-04 17:28:06,156 [Worker-36: Building] WARN  o.e.m.c.i.embedder.EclipseLogger - Using platform encoding (Cp1252 actually) to copy filtered resources, i.e. build is platform dependent!
2021-06-04 17:28:06,158 [Worker-36: Building] INFO  o.e.m.c.i.embedder.EclipseLogger - skip non existing resourceDirectory C:\Users\DaiPhongPC\Desktop\Minimum-Cost-Flow\MinimumCostFlow\src\test\resources
2021-06-04 17:28:07,992 [Worker-36: Download sources and javadoc] INFO  o.e.m.c.i.e.AbstractTransferListenerAdapter - Downloading https://repo.maven.apache.org/maven2/org/openjfx/javafx-controls/15.0.1/javafx-controls-15.0.1-sources.jar
2021-06-04 17:28:09,303 [Worker-36: Download sources and javadoc] INFO  o.e.m.c.i.e.AbstractTransferListenerAdapter - Downloaded https://repo.maven.apache.org/maven2/org/openjfx/javafx-controls/15.0.1/javafx-controls-15.0.1-sources.jar
2021-06-04 17:28:09,310 [Worker-36: Download sources and javadoc] INFO  o.e.m.j.internal.DownloadSourcesJob - Downloaded sources for org.openjfx:javafx-controls:15.0.1
2021-06-04 17:28:09,386 [Worker-36: Download sources and javadoc] INFO  o.e.m.j.internal.DownloadSourcesJob - Downloaded sources for org.openjfx:javafx-controls:15.0.1:win
2021-06-04 17:28:10,391 [Worker-36: Download sources and javadoc] INFO  o.e.m.c.i.e.AbstractTransferListenerAdapter - Downloading https://repo.maven.apache.org/maven2/org/openjfx/javafx-graphics/15.0.1/javafx-graphics-15.0.1-sources.jar
2021-06-04 17:28:10,727 [Worker-35: Building] WARN  o.e.m.c.i.embedder.EclipseLogger - Using platform encoding (Cp1252 actually) to copy filtered resources, i.e. build is platform dependent!
2021-06-04 17:28:10,732 [Worker-35: Building] INFO  o.e.m.c.i.embedder.EclipseLogger - Copying 2 resources
2021-06-04 17:28:10,748 [Worker-35: Building] WARN  o.e.m.c.i.embedder.EclipseLogger - Using platform encoding (Cp1252 actually) to copy filtered resources, i.e. build is platform dependent!
2021-06-04 17:28:10,749 [Worker-35: Building] INFO  o.e.m.c.i.embedder.EclipseLogger - skip non existing resourceDirectory C:\Users\DaiPhongPC\Desktop\Minimum-Cost-Flow\MinimumCostFlow\src\test\resources
2021-06-04 17:28:12,393 [Worker-36: Download sources and javadoc] INFO  o.e.m.c.i.e.AbstractTransferListenerAdapter - Downloaded https://repo.maven.apache.org/maven2/org/openjfx/javafx-graphics/15.0.1/javafx-graphics-15.0.1-sources.jar
2021-06-04 17:28:12,398 [Worker-36: Download sources and javadoc] INFO  o.e.m.j.internal.DownloadSourcesJob - Downloaded sources for org.openjfx:javafx-graphics:15.0.1
2021-06-04 17:28:12,426 [Worker-36: Download sources and javadoc] INFO  o.e.m.j.internal.DownloadSourcesJob - Downloaded sources for org.openjfx:javafx-graphics:15.0.1:win
2021-06-04 17:28:13,084 [Worker-36: Download sources and javadoc] INFO  o.e.m.c.i.e.AbstractTransferListenerAdapter - Downloading https://repo.maven.apache.org/maven2/org/openjfx/javafx-base/15.0.1/javafx-base-15.0.1-sources.jar
2021-06-04 17:28:14,153 [Worker-36: Download sources and javadoc] INFO  o.e.m.c.i.e.AbstractTransferListenerAdapter - Downloaded https://repo.maven.apache.org/maven2/org/openjfx/javafx-base/15.0.1/javafx-base-15.0.1-sources.jar
2021-06-04 17:28:14,158 [Worker-36: Download sources and javadoc] INFO  o.e.m.j.internal.DownloadSourcesJob - Downloaded sources for org.openjfx:javafx-base:15.0.1
2021-06-04 17:28:14,176 [Worker-36: Download sources and javadoc] INFO  o.e.m.j.internal.DownloadSourcesJob - Downloaded sources for org.openjfx:javafx-base:15.0.1:win
2021-06-04 17:28:14,420 [Worker-34: Building] WARN  o.e.m.c.i.embedder.EclipseLogger - Using platform encoding (Cp1252 actually) to copy filtered resources, i.e. build is platform dependent!
2021-06-04 17:28:14,421 [Worker-34: Building] INFO  o.e.m.c.i.embedder.EclipseLogger - Copying 0 resource
2021-06-04 17:28:14,423 [Worker-34: Building] WARN  o.e.m.c.i.embedder.EclipseLogger - Using platform encoding (Cp1252 actually) to copy filtered resources, i.e. build is platform dependent!
2021-06-04 17:28:14,424 [Worker-34: Building] INFO  o.e.m.c.i.embedder.EclipseLogger - skip non existing resourceDirectory C:\Users\DaiPhongPC\Desktop\Minimum-Cost-Flow\MinimumCostFlow\src\test\resources
2021-06-04 17:29:42,195 [Worker-37: Building] INFO  o.e.m.c.i.l.LifecycleMappingFactory - Using org.eclipse.m2e.jdt.JarLifecycleMapping lifecycle mapping for MavenProject: MinimumCostFlow:MinimumCostFlow:1 @ C:\Users\DaiPhongPC\Desktop\Minimum-Cost-Flow\MinimumCostFlow\pom.xml.
2021-06-04 17:29:43,131 [Worker-37: Building] INFO  o.e.m.c.i.e.AbstractTransferListenerAdapter - Downloading https://repo.maven.apache.org/maven2/org/openjfx/javafx/16-ea+2/javafx-16-ea+2.pom
2021-06-04 17:29:43,546 [Worker-37: Building] INFO  o.e.m.c.i.e.AbstractTransferListenerAdapter - Downloaded https://repo.maven.apache.org/maven2/org/openjfx/javafx/16-ea+2/javafx-16-ea+2.pom
2021-06-04 17:29:43,717 [Worker-37: Building] WARN  o.e.m.c.i.embedder.EclipseLogger - Using platform encoding (Cp1252 actually) to copy filtered resources, i.e. build is platform dependent!
2021-06-04 17:29:43,720 [Worker-37: Building] INFO  o.e.m.c.i.embedder.EclipseLogger - Copying 0 resource
2021-06-04 17:29:43,723 [Worker-37: Building] WARN  o.e.m.c.i.embedder.EclipseLogger - Using platform encoding (Cp1252 actually) to copy filtered resources, i.e. build is platform dependent!
2021-06-04 17:29:43,724 [Worker-37: Building] INFO  o.e.m.c.i.embedder.EclipseLogger - skip non existing resourceDirectory C:\Users\DaiPhongPC\Desktop\Minimum-Cost-Flow\MinimumCostFlow\src\test\resources
2021-06-04 17:29:45,615 [Worker-32: Building] WARN  o.e.m.c.i.embedder.EclipseLogger - Using platform encoding (Cp1252 actually) to copy filtered resources, i.e. build is platform dependent!
2021-06-04 17:29:45,620 [Worker-32: Building] INFO  o.e.m.c.i.embedder.EclipseLogger - Copying 2 resources
2021-06-04 17:29:45,633 [Worker-32: Building] WARN  o.e.m.c.i.embedder.EclipseLogger - Using platform encoding (Cp1252 actually) to copy filtered resources, i.e. build is platform dependent!
2021-06-04 17:29:45,634 [Worker-32: Building] INFO  o.e.m.c.i.embedder.EclipseLogger - skip non existing resourceDirectory C:\Users\DaiPhongPC\Desktop\Minimum-Cost-Flow\MinimumCostFlow\src\test\resources
2021-06-04 17:30:06,770 [Worker-38: Building] INFO  o.e.m.c.i.l.LifecycleMappingFactory - Using org.eclipse.m2e.jdt.JarLifecycleMapping lifecycle mapping for MavenProject: MinimumCostFlow:MinimumCostFlow:1 @ C:\Users\DaiPhongPC\Desktop\Minimum-Cost-Flow\MinimumCostFlow\pom.xml.
2021-06-04 17:30:07,165 [Worker-38: Building] WARN  o.e.m.c.i.embedder.EclipseLogger - Using platform encoding (Cp1252 actually) to copy filtered resources, i.e. build is platform dependent!
2021-06-04 17:30:07,168 [Worker-38: Building] INFO  o.e.m.c.i.embedder.EclipseLogger - Copying 0 resource
2021-06-04 17:30:07,171 [Worker-38: Building] WARN  o.e.m.c.i.embedder.EclipseLogger - Using platform encoding (Cp1252 actually) to copy filtered resources, i.e. build is platform dependent!
2021-06-04 17:30:07,173 [Worker-38: Building] INFO  o.e.m.c.i.embedder.EclipseLogger - skip non existing resourceDirectory C:\Users\DaiPhongPC\Desktop\Minimum-Cost-Flow\MinimumCostFlow\src\test\resources
2021-06-04 17:30:10,640 [Worker-35: Building] WARN  o.e.m.c.i.embedder.EclipseLogger - Using platform encoding (Cp1252 actually) to copy filtered resources, i.e. build is platform dependent!
2021-06-04 17:30:10,644 [Worker-35: Building] INFO  o.e.m.c.i.embedder.EclipseLogger - Copying 2 resources
2021-06-04 17:30:10,659 [Worker-35: Building] WARN  o.e.m.c.i.embedder.EclipseLogger - Using platform encoding (Cp1252 actually) to copy filtered resources, i.e. build is platform dependent!
2021-06-04 17:30:10,660 [Worker-35: Building] INFO  o.e.m.c.i.embedder.EclipseLogger - skip non existing resourceDirectory C:\Users\DaiPhongPC\Desktop\Minimum-Cost-Flow\MinimumCostFlow\src\test\resources
2021-06-04 17:31:11,699 [Worker-38: Building] INFO  o.e.m.c.i.l.LifecycleMappingFactory - Using org.eclipse.m2e.jdt.JarLifecycleMapping lifecycle mapping for MavenProject: MinimumCostFlow:MinimumCostFlow:1 @ C:\Users\DaiPhongPC\Desktop\Minimum-Cost-Flow\MinimumCostFlow\pom.xml.
2021-06-04 17:31:12,545 [Worker-38: Building] INFO  o.e.m.c.i.e.AbstractTransferListenerAdapter - Downloading https://repo.maven.apache.org/maven2/org/openjfx/javafx-fxml/16/javafx-fxml-16.pom
2021-06-04 17:31:12,954 [Worker-38: Building] INFO  o.e.m.c.i.e.AbstractTransferListenerAdapter - Downloaded https://repo.maven.apache.org/maven2/org/openjfx/javafx-fxml/16/javafx-fxml-16.pom
2021-06-04 17:31:13,157 [Worker-38: Building] INFO  o.e.m.c.i.e.AbstractTransferListenerAdapter - Downloading https://repo.maven.apache.org/maven2/org/openjfx/javafx/16/javafx-16.pom
2021-06-04 17:31:13,401 [Worker-38: Building] INFO  o.e.m.c.i.e.AbstractTransferListenerAdapter - Downloaded https://repo.maven.apache.org/maven2/org/openjfx/javafx/16/javafx-16.pom
2021-06-04 17:31:13,614 [Worker-38: Building] INFO  o.e.m.c.i.e.AbstractTransferListenerAdapter - Downloading https://repo.maven.apache.org/maven2/org/openjfx/javafx-controls/16/javafx-controls-16.pom
2021-06-04 17:31:13,855 [Worker-38: Building] INFO  o.e.m.c.i.e.AbstractTransferListenerAdapter - Downloaded https://repo.maven.apache.org/maven2/org/openjfx/javafx-controls/16/javafx-controls-16.pom
2021-06-04 17:31:14,064 [Worker-38: Building] INFO  o.e.m.c.i.e.AbstractTransferListenerAdapter - Downloading https://repo.maven.apache.org/maven2/org/openjfx/javafx-graphics/16/javafx-graphics-16.pom
2021-06-04 17:31:14,284 [Worker-38: Building] INFO  o.e.m.c.i.e.AbstractTransferListenerAdapter - Downloaded https://repo.maven.apache.org/maven2/org/openjfx/javafx-graphics/16/javafx-graphics-16.pom
2021-06-04 17:31:14,496 [Worker-38: Building] INFO  o.e.m.c.i.e.AbstractTransferListenerAdapter - Downloading https://repo.maven.apache.org/maven2/org/openjfx/javafx-base/16/javafx-base-16.pom
2021-06-04 17:31:14,737 [Worker-38: Building] INFO  o.e.m.c.i.e.AbstractTransferListenerAdapter - Downloaded https://repo.maven.apache.org/maven2/org/openjfx/javafx-base/16/javafx-base-16.pom
2021-06-04 17:31:14,956 [AetherRepositoryConnector-repo.maven.apache.org-2-0] INFO  o.e.m.c.i.e.AbstractTransferListenerAdapter - Downloading https://repo.maven.apache.org/maven2/org/openjfx/javafx-fxml/16/javafx-fxml-16.jar
2021-06-04 17:31:15,152 [AetherRepositoryConnector-repo.maven.apache.org-2-1] INFO  o.e.m.c.i.e.AbstractTransferListenerAdapter - Downloading https://repo.maven.apache.org/maven2/org/openjfx/javafx-fxml/16/javafx-fxml-16-win.jar
2021-06-04 17:31:15,375 [AetherRepositoryConnector-repo.maven.apache.org-2-0] INFO  o.e.m.c.i.e.AbstractTransferListenerAdapter - Downloaded https://repo.maven.apache.org/maven2/org/openjfx/javafx-fxml/16/javafx-fxml-16.jar
2021-06-04 17:31:15,854 [AetherRepositoryConnector-repo.maven.apache.org-2-1] INFO  o.e.m.c.i.e.AbstractTransferListenerAdapter - Downloaded https://repo.maven.apache.org/maven2/org/openjfx/javafx-fxml/16/javafx-fxml-16-win.jar
2021-06-04 17:31:16,086 [Worker-38: Building] WARN  o.e.m.c.i.embedder.EclipseLogger - Using platform encoding (Cp1252 actually) to copy filtered resources, i.e. build is platform dependent!
2021-06-04 17:31:16,088 [Worker-38: Building] INFO  o.e.m.c.i.embedder.EclipseLogger - Copying 0 resource
2021-06-04 17:31:16,090 [Worker-38: Building] WARN  o.e.m.c.i.embedder.EclipseLogger - Using platform encoding (Cp1252 actually) to copy filtered resources, i.e. build is platform dependent!
2021-06-04 17:31:16,092 [Worker-38: Building] INFO  o.e.m.c.i.embedder.EclipseLogger - skip non existing resourceDirectory C:\Users\DaiPhongPC\Desktop\Minimum-Cost-Flow\MinimumCostFlow\src\test\resources
2021-06-04 17:31:17,751 [Worker-36: Download sources and javadoc] INFO  o.e.m.c.i.e.AbstractTransferListenerAdapter - Downloading https://repo.maven.apache.org/maven2/org/openjfx/javafx-fxml/16/javafx-fxml-16-sources.jar
2021-06-04 17:31:18,304 [Worker-36: Download sources and javadoc] INFO  o.e.m.c.i.e.AbstractTransferListenerAdapter - Downloaded https://repo.maven.apache.org/maven2/org/openjfx/javafx-fxml/16/javafx-fxml-16-sources.jar
2021-06-04 17:31:18,309 [Worker-36: Download sources and javadoc] INFO  o.e.m.j.internal.DownloadSourcesJob - Downloaded sources for org.openjfx:javafx-fxml:16
2021-06-04 17:31:18,327 [Worker-36: Download sources and javadoc] INFO  o.e.m.j.internal.DownloadSourcesJob - Downloaded sources for org.openjfx:javafx-fxml:16:win
2021-06-04 17:31:19,237 [Worker-37: Building] WARN  o.e.m.c.i.embedder.EclipseLogger - Using platform encoding (Cp1252 actually) to copy filtered resources, i.e. build is platform dependent!
2021-06-04 17:31:19,244 [Worker-37: Building] INFO  o.e.m.c.i.embedder.EclipseLogger - Copying 2 resources
2021-06-04 17:31:19,257 [Worker-37: Building] WARN  o.e.m.c.i.embedder.EclipseLogger - Using platform encoding (Cp1252 actually) to copy filtered resources, i.e. build is platform dependent!
2021-06-04 17:31:19,258 [Worker-37: Building] INFO  o.e.m.c.i.embedder.EclipseLogger - skip non existing resourceDirectory C:\Users\DaiPhongPC\Desktop\Minimum-Cost-Flow\MinimumCostFlow\src\test\resources
2021-06-04 17:31:32,231 [Worker-32: Download sources and javadoc] INFO  o.e.m.j.internal.DownloadSourcesJob - Downloaded sources for org.openjfx:javafx-controls:15.0.1
2021-06-04 17:31:32,237 [Worker-32: Download sources and javadoc] INFO  o.e.m.j.internal.DownloadSourcesJob - Downloaded sources for org.openjfx:javafx-controls:15.0.1:win
2021-06-04 17:31:32,240 [Worker-32: Download sources and javadoc] INFO  o.e.m.j.internal.DownloadSourcesJob - Downloaded sources for org.openjfx:javafx-graphics:15.0.1
2021-06-04 17:31:32,247 [Worker-32: Download sources and javadoc] INFO  o.e.m.j.internal.DownloadSourcesJob - Downloaded sources for org.openjfx:javafx-graphics:15.0.1:win
2021-06-04 17:31:32,252 [Worker-32: Download sources and javadoc] INFO  o.e.m.j.internal.DownloadSourcesJob - Downloaded sources for org.openjfx:javafx-base:15.0.1
2021-06-04 17:31:32,259 [Worker-32: Download sources and javadoc] INFO  o.e.m.j.internal.DownloadSourcesJob - Downloaded sources for org.openjfx:javafx-base:15.0.1:win
2021-06-04 17:31:32,263 [Worker-32: Download sources and javadoc] INFO  o.e.m.j.internal.DownloadSourcesJob - Downloaded sources for org.openjfx:javafx-fxml:16
2021-06-04 17:31:32,269 [Worker-32: Download sources and javadoc] INFO  o.e.m.j.internal.DownloadSourcesJob - Downloaded sources for org.openjfx:javafx-fxml:16:win
2021-06-04 17:31:32,449 [Worker-32: Building] WARN  o.e.m.c.i.embedder.EclipseLogger - Using platform encoding (Cp1252 actually) to copy filtered resources, i.e. build is platform dependent!
2021-06-04 17:31:32,451 [Worker-32: Building] INFO  o.e.m.c.i.embedder.EclipseLogger - Copying 0 resource
2021-06-04 17:31:32,452 [Worker-32: Building] WARN  o.e.m.c.i.embedder.EclipseLogger - Using platform encoding (Cp1252 actually) to copy filtered resources, i.e. build is platform dependent!
2021-06-04 17:31:32,453 [Worker-32: Building] INFO  o.e.m.c.i.embedder.EclipseLogger - skip non existing resourceDirectory C:\Users\DaiPhongPC\Desktop\Minimum-Cost-Flow\MinimumCostFlow\src\test\resources
2021-06-04 17:31:40,948 [Worker-37: Launching Executing clean in C__Users_DaiPhongPC_Desktop_Minimum-Cost-Flow_MinimumCostFlow] INFO  o.e.m.i.launch.MavenLaunchDelegate - C:\Users\DaiPhongPC\Desktop\Minimum-Cost-Flow\MinimumCostFlow
2021-06-04 17:31:40,949 [Worker-37: Launching Executing clean in C__Users_DaiPhongPC_Desktop_Minimum-Cost-Flow_MinimumCostFlow] INFO  o.e.m.i.launch.MavenLaunchDelegate -  mvn -B clean
2021-06-04 17:31:43,751 [Worker-34: Building] WARN  o.e.m.c.i.embedder.EclipseLogger - Using platform encoding (Cp1252 actually) to copy filtered resources, i.e. build is platform dependent!
2021-06-04 17:31:43,754 [Worker-34: Building] INFO  o.e.m.c.i.embedder.EclipseLogger - Copying 2 resources
2021-06-04 17:31:43,759 [Worker-34: Building] WARN  o.e.m.c.i.embedder.EclipseLogger - Using platform encoding (Cp1252 actually) to copy filtered resources, i.e. build is platform dependent!
2021-06-04 17:31:43,760 [Worker-34: Building] INFO  o.e.m.c.i.embedder.EclipseLogger - skip non existing resourceDirectory C:\Users\DaiPhongPC\Desktop\Minimum-Cost-Flow\MinimumCostFlow\src\test\resources
2021-06-04 17:32:04,643 [main] INFO  o.e.m2e.actions.ExecutePomAction - Creating new launch configuration
2021-06-04 17:39:37,530 [Worker-42: Building] WARN  o.e.m.c.i.embedder.EclipseLogger - Using platform encoding (Cp1252 actually) to copy filtered resources, i.e. build is platform dependent!
2021-06-04 17:39:37,535 [Worker-42: Building] INFO  o.e.m.c.i.embedder.EclipseLogger - Copying 2 resources
2021-06-04 17:39:37,537 [Worker-42: Building] WARN  o.e.m.c.i.embedder.EclipseLogger - Using platform encoding (Cp1252 actually) to copy filtered resources, i.e. build is platform dependent!
2021-06-04 17:39:37,539 [Worker-42: Building] INFO  o.e.m.c.i.embedder.EclipseLogger - skip non existing resourceDirectory C:\Users\DaiPhongPC\Desktop\Minimum-Cost-Flow\MinimumCostFlow\src\test\resources
2021-06-04 17:39:49,183 [Worker-41: Building] WARN  o.e.m.c.i.embedder.EclipseLogger - Using platform encoding (Cp1252 actually) to copy filtered resources, i.e. build is platform dependent!
2021-06-04 17:39:49,185 [Worker-41: Building] INFO  o.e.m.c.i.embedder.EclipseLogger - Copying 0 resource
2021-06-04 17:39:49,186 [Worker-41: Building] WARN  o.e.m.c.i.embedder.EclipseLogger - Using platform encoding (Cp1252 actually) to copy filtered resources, i.e. build is platform dependent!
2021-06-04 17:39:49,187 [Worker-41: Building] INFO  o.e.m.c.i.embedder.EclipseLogger - skip non existing resourceDirectory C:\Users\DaiPhongPC\Desktop\Minimum-Cost-Flow\MinimumCostFlow\src\test\resources
2021-06-04 17:44:14,402 [main] INFO  o.e.m2e.actions.ExecutePomAction - Using existing launch configuration
2021-06-04 17:44:22,674 [Worker-43: Launching Executing clean in C__Users_DaiPhongPC_Desktop_Minimum-Cost-Flow_MinimumCostFlow] INFO  o.e.m.i.launch.MavenLaunchDelegate - C:\Users\DaiPhongPC\Desktop\Minimum-Cost-Flow\MinimumCostFlow
2021-06-04 17:44:22,675 [Worker-43: Launching Executing clean in C__Users_DaiPhongPC_Desktop_Minimum-Cost-Flow_MinimumCostFlow] INFO  o.e.m.i.launch.MavenLaunchDelegate -  mvn -B clean
2021-06-04 17:44:25,482 [Worker-41: Building] WARN  o.e.m.c.i.embedder.EclipseLogger - Using platform encoding (Cp1252 actually) to copy filtered resources, i.e. build is platform dependent!
2021-06-04 17:44:25,487 [Worker-41: Building] INFO  o.e.m.c.i.embedder.EclipseLogger - Copying 2 resources
2021-06-04 17:44:25,496 [Worker-41: Building] WARN  o.e.m.c.i.embedder.EclipseLogger - Using platform encoding (Cp1252 actually) to copy filtered resources, i.e. build is platform dependent!
2021-06-04 17:44:25,498 [Worker-41: Building] INFO  o.e.m.c.i.embedder.EclipseLogger - skip non existing resourceDirectory C:\Users\DaiPhongPC\Desktop\Minimum-Cost-Flow\MinimumCostFlow\src\test\resources
2021-06-04 17:45:21,310 [Worker-42: Launching Executing clean in C__Users_DaiPhongPC_Desktop_Minimum-Cost-Flow_MinimumCostFlow] INFO  o.e.m.i.launch.MavenLaunchDelegate - C:\Users\DaiPhongPC\Desktop\Minimum-Cost-Flow\MinimumCostFlow
2021-06-04 17:45:21,310 [Worker-42: Launching Executing clean in C__Users_DaiPhongPC_Desktop_Minimum-Cost-Flow_MinimumCostFlow] INFO  o.e.m.i.launch.MavenLaunchDelegate -  mvn -B clean
2021-06-04 17:45:23,684 [Worker-42: Building] WARN  o.e.m.c.i.embedder.EclipseLogger - Using platform encoding (Cp1252 actually) to copy filtered resources, i.e. build is platform dependent!
2021-06-04 17:45:23,687 [Worker-42: Building] INFO  o.e.m.c.i.embedder.EclipseLogger - Copying 2 resources
2021-06-04 17:45:23,694 [Worker-42: Building] WARN  o.e.m.c.i.embedder.EclipseLogger - Using platform encoding (Cp1252 actually) to copy filtered resources, i.e. build is platform dependent!
2021-06-04 17:45:23,695 [Worker-42: Building] INFO  o.e.m.c.i.embedder.EclipseLogger - skip non existing resourceDirectory C:\Users\DaiPhongPC\Desktop\Minimum-Cost-Flow\MinimumCostFlow\src\test\resources
2021-06-04 17:46:39,217 [Worker-1: Loading available Gradle versions] INFO  o.e.b.c.i.u.g.PublishedGradleVersions - Gradle version information cache is out-of-date. Trying to update.
2021-06-04 17:48:13,568 [Worker-11: Building] WARN  o.e.m.c.i.embedder.EclipseLogger - Using platform encoding (Cp1252 actually) to copy filtered resources, i.e. build is platform dependent!
2021-06-04 17:48:13,579 [Worker-11: Building] INFO  o.e.m.c.i.embedder.EclipseLogger - Copying 2 resources
2021-06-04 17:48:13,601 [Worker-11: Building] WARN  o.e.m.c.i.embedder.EclipseLogger - Using platform encoding (Cp1252 actually) to copy filtered resources, i.e. build is platform dependent!
2021-06-04 17:48:13,602 [Worker-11: Building] INFO  o.e.m.c.i.embedder.EclipseLogger - skip non existing resourceDirectory C:\Users\DaiPhongPC\Desktop\Minimum-Cost-Flow\MinimumCostFlow\src\test\resources
2021-06-04 17:50:19,649 [Worker-8: Launching Executing install in C__Users_DaiPhongPC_Desktop_Minimum-Cost-Flow_MinimumCostFlow] INFO  o.e.m.i.launch.MavenLaunchDelegate - C:\Users\DaiPhongPC\Desktop\Minimum-Cost-Flow\MinimumCostFlow
2021-06-04 17:50:19,650 [Worker-8: Launching Executing install in C__Users_DaiPhongPC_Desktop_Minimum-Cost-Flow_MinimumCostFlow] INFO  o.e.m.i.launch.MavenLaunchDelegate -  mvn -B install
2021-06-04 17:50:27,612 [Worker-2: Building] WARN  o.e.m.c.i.embedder.EclipseLogger - Using platform encoding (Cp1252 actually) to copy filtered resources, i.e. build is platform dependent!
2021-06-04 17:50:27,620 [Worker-2: Building] INFO  o.e.m.c.i.embedder.EclipseLogger - Copying 2 resources
2021-06-04 17:50:27,622 [Worker-2: Building] WARN  o.e.m.c.i.embedder.EclipseLogger - Using platform encoding (Cp1252 actually) to copy filtered resources, i.e. build is platform dependent!
2021-06-04 17:50:27,624 [Worker-2: Building] INFO  o.e.m.c.i.embedder.EclipseLogger - skip non existing resourceDirectory C:\Users\DaiPhongPC\Desktop\Minimum-Cost-Flow\MinimumCostFlow\src\test\resources
2021-06-04 17:54:44,269 [Worker-6: Building] WARN  o.e.m.c.i.embedder.EclipseLogger - Using platform encoding (Cp1252 actually) to copy filtered resources, i.e. build is platform dependent!
2021-06-04 17:54:44,275 [Worker-6: Building] INFO  o.e.m.c.i.embedder.EclipseLogger - Copying 2 resources
2021-06-04 17:54:44,285 [Worker-6: Building] WARN  o.e.m.c.i.embedder.EclipseLogger - Using platform encoding (Cp1252 actually) to copy filtered resources, i.e. build is platform dependent!
2021-06-04 17:54:44,287 [Worker-6: Building] INFO  o.e.m.c.i.embedder.EclipseLogger - skip non existing resourceDirectory C:\Users\DaiPhongPC\Desktop\Minimum-Cost-Flow\MinimumCostFlow\src\test\resources
2021-06-04 17:55:39,510 [Worker-0: Loading available Gradle versions] INFO  o.e.b.c.i.u.g.PublishedGradleVersions - Gradle version information cache is up-to-date. Trying to read.
2021-06-04 17:58:20,270 [Worker-0: Building] INFO  o.e.m.c.i.l.LifecycleMappingFactory - Using org.eclipse.m2e.jdt.JarLifecycleMapping lifecycle mapping for MavenProject: MinimumCostFlow:MinimumCostFlow:1 @ C:\Users\DaiPhongPC\Desktop\Minimum-Cost-Flow\MinimumCostFlow\pom.xml.
2021-06-04 17:58:21,269 [Worker-0: Building] WARN  o.e.m.c.i.embedder.EclipseLogger - Using platform encoding (Cp1252 actually) to copy filtered resources, i.e. build is platform dependent!
2021-06-04 17:58:21,279 [Worker-0: Building] INFO  o.e.m.c.i.embedder.EclipseLogger - Copying 2 resources
2021-06-04 17:58:21,296 [Worker-0: Building] WARN  o.e.m.c.i.embedder.EclipseLogger - Using platform encoding (Cp1252 actually) to copy filtered resources, i.e. build is platform dependent!
2021-06-04 17:58:21,298 [Worker-0: Building] INFO  o.e.m.c.i.embedder.EclipseLogger - skip non existing resourceDirectory C:\Users\DaiPhongPC\Desktop\Minimum-Cost-Flow\MinimumCostFlow\src\test\resources
2021-06-04 18:00:28,898 [main] INFO  o.e.m2e.actions.ExecutePomAction - Using existing launch configuration
2021-06-04 18:01:37,416 [Worker-7: Launching MinimumCostFlow] INFO  o.e.m.i.launch.MavenLaunchDelegate - C:\Users\DaiPhongPC\Desktop\Minimum-Cost-Flow\MinimumCostFlow
